# JRE version: OpenJDK Runtime Environment (8.0_152-b01) (build 1.8.0_152-release-1343-b01)
# Java VM: OpenJDK 64-Bit Server VM (25.152-b01 mixed mode windows-amd64 compressed oops)
Heap:
 PSYoungGen      total 116736K, used 41574K [0x00000000e0000000, 0x00000000e8a00000, 0x0000000100000000)
  eden space 104448K, 32% used [0x00000000e0000000,0x00000000e214dfc0,0x00000000e6600000)
  from space 12288K, 60% used [0x00000000e7e00000,0x00000000e854b918,0x00000000e8a00000)
  to   space 18432K, 0% used [0x00000000e6600000,0x00000000e6600000,0x00000000e7800000)
 ParOldGen       total 297472K, used 30665K [0x00000000a0000000, 0x00000000b2280000, 0x00000000e0000000)
  object space 297472K, 10% used [0x00000000a0000000,0x00000000a1df2660,0x00000000b2280000)
 Metaspace       used 63316K, capacity 65588K, committed 65792K, reserved 1105920K
  class space    used 8622K, capacity 9122K, committed 9216K, reserved 1048576K
GC Heap History (10 events):
Event: 9.783 GC heap before
{Heap before GC invocations=9 (full 2):
 PSYoungGen      total 111616K, used 98816K [0x00000000e0000000, 0x00000000e7b80000, 0x0000000100000000)
  eden space 98816K, 100% used [0x00000000e0000000,0x00000000e6080000,0x00000000e6080000)
  from space 12800K, 0% used [0x00000000e6d00000,0x00000000e6d00000,0x00000000e7980000)
  to   space 12800K, 0% used [0x00000000e6080000,0x00000000e6080000,0x00000000e6d00000)
 ParOldGen       total 196608K, used 16992K [0x00000000a0000000, 0x00000000ac000000, 0x00000000e0000000)
  object space 196608K, 8% used [0x00000000a0000000,0x00000000a10983f0,0x00000000ac000000)
 Metaspace       used 44434K, capacity 45480K, committed 45696K, reserved 1089536K
  class space    used 5983K, capacity 6229K, committed 6272K, reserved 1048576K
Event: 9.799 GC heap after
Heap after GC invocations=9 (full 2):
 PSYoungGen      total 111616K, used 12775K [0x00000000e0000000, 0x00000000e7b80000, 0x0000000100000000)
  eden space 98816K, 0% used [0x00000000e0000000,0x00000000e0000000,0x00000000e6080000)
  from space 12800K, 99% used [0x00000000e6080000,0x00000000e6cf9e50,0x00000000e6d00000)
  to   space 12800K, 0% used [0x00000000e6d00000,0x00000000e6d00000,0x00000000e7980000)
 ParOldGen       total 196608K, used 17821K [0x00000000a0000000, 0x00000000ac000000, 0x00000000e0000000)
  object space 196608K, 9% used [0x00000000a0000000,0x00000000a11676a0,0x00000000ac000000)
 Metaspace       used 44434K, capacity 45480K, committed 45696K, reserved 1089536K
  class space    used 5983K, capacity 6229K, committed 6272K, reserved 1048576K
}
Event: 11.066 GC heap before
{Heap before GC invocations=10 (full 2):
 PSYoungGen      total 111616K, used 111591K [0x00000000e0000000, 0x00000000e7b80000, 0x0000000100000000)
  eden space 98816K, 100% used [0x00000000e0000000,0x00000000e6080000,0x00000000e6080000)
  from space 12800K, 99% used [0x00000000e6080000,0x00000000e6cf9e50,0x00000000e6d00000)
  to   space 12800K, 0% used [0x00000000e6d00000,0x00000000e6d00000,0x00000000e7980000)
 ParOldGen       total 196608K, used 17821K [0x00000000a0000000, 0x00000000ac000000, 0x00000000e0000000)
  object space 196608K, 9% used [0x00000000a0000000,0x00000000a11676a0,0x00000000ac000000)
 Metaspace       used 53414K, capacity 54756K, committed 54912K, reserved 1097728K
  class space    used 7168K, capacity 7516K, committed 7552K, reserved 1048576K
Event: 11.078 GC heap after
Heap after GC invocations=10 (full 2):
 PSYoungGen      total 107520K, used 12797K [0x00000000e0000000, 0x00000000e9680000, 0x0000000100000000)
  eden space 94720K, 0% used [0x00000000e0000000,0x00000000e0000000,0x00000000e5c80000)
  from space 12800K, 99% used [0x00000000e6d00000,0x00000000e797f530,0x00000000e7980000)
  to   space 16896K, 0% used [0x00000000e5c80000,0x00000000e5c80000,0x00000000e6d00000)
 ParOldGen       total 196608K, used 20781K [0x00000000a0000000, 0x00000000ac000000, 0x00000000e0000000)
  object space 196608K, 10% used [0x00000000a0000000,0x00000000a144b5d0,0x00000000ac000000)
 Metaspace       used 53414K, capacity 54756K, committed 54912K, reserved 1097728K
  class space    used 7168K, capacity 7516K, committed 7552K, reserved 1048576K
}
Event: 11.778 GC heap before
{Heap before GC invocations=11 (full 2):
 PSYoungGen      total 107520K, used 75104K [0x00000000e0000000, 0x00000000e9680000, 0x0000000100000000)
  eden space 94720K, 65% used [0x00000000e0000000,0x00000000e3cd8b68,0x00000000e5c80000)
  from space 12800K, 99% used [0x00000000e6d00000,0x00000000e797f530,0x00000000e7980000)
  to   space 16896K, 0% used [0x00000000e5c80000,0x00000000e5c80000,0x00000000e6d00000)
 ParOldGen       total 196608K, used 20781K [0x00000000a0000000, 0x00000000ac000000, 0x00000000e0000000)
  object space 196608K, 10% used [0x00000000a0000000,0x00000000a144b5d0,0x00000000ac000000)
 Metaspace       used 57680K, capacity 59106K, committed 59136K, reserved 1099776K
  class space    used 7815K, capacity 8192K, committed 8192K, reserved 1048576K
Event: 11.796 GC heap after
Heap after GC invocations=11 (full 2):
 PSYoungGen      total 111616K, used 16395K [0x00000000e0000000, 0x00000000e9000000, 0x0000000100000000)
  eden space 94720K, 0% used [0x00000000e0000000,0x00000000e0000000,0x00000000e5c80000)
  from space 16896K, 97% used [0x00000000e5c80000,0x00000000e6c82ea8,0x00000000e6d00000)
  to   space 18432K, 0% used [0x00000000e7e00000,0x00000000e7e00000,0x00000000e9000000)
 ParOldGen       total 196608K, used 20789K [0x00000000a0000000, 0x00000000ac000000, 0x00000000e0000000)
  object space 196608K, 10% used [0x00000000a0000000,0x00000000a144d5d0,0x00000000ac000000)
 Metaspace       used 57680K, capacity 59106K, committed 59136K, reserved 1099776K
  class space    used 7815K, capacity 8192K, committed 8192K, reserved 1048576K
}
Event: 11.796 GC heap before
{Heap before GC invocations=12 (full 3):
 PSYoungGen      total 111616K, used 16395K [0x00000000e0000000, 0x00000000e9000000, 0x0000000100000000)
  eden space 94720K, 0% used [0x00000000e0000000,0x00000000e0000000,0x00000000e5c80000)
  from space 16896K, 97% used [0x00000000e5c80000,0x00000000e6c82ea8,0x00000000e6d00000)
  to   space 18432K, 0% used [0x00000000e7e00000,0x00000000e7e00000,0x00000000e9000000)
 ParOldGen       total 196608K, used 20789K [0x00000000a0000000, 0x00000000ac000000, 0x00000000e0000000)
  object space 196608K, 10% used [0x00000000a0000000,0x00000000a144d5d0,0x00000000ac000000)
 Metaspace       used 57680K, capacity 59106K, committed 59136K, reserved 1099776K
  class space    used 7815K, capacity 8192K, committed 8192K, reserved 1048576K
Event: 12.175 GC heap after
Heap after GC invocations=12 (full 3):
 PSYoungGen      total 111616K, used 0K [0x00000000e0000000, 0x00000000e9000000, 0x0000000100000000)
  eden space 94720K, 0% used [0x00000000e0000000,0x00000000e0000000,0x00000000e5c80000)
  from space 16896K, 0% used [0x00000000e5c80000,0x00000000e5c80000,0x00000000e6d00000)
  to   space 18432K, 0% used [0x00000000e7e00000,0x00000000e7e00000,0x00000000e9000000)
 ParOldGen       total 297472K, used 30657K [0x00000000a0000000, 0x00000000b2280000, 0x00000000e0000000)
  object space 297472K, 10% used [0x00000000a0000000,0x00000000a1df0660,0x00000000b2280000)
 Metaspace       used 57680K, capacity 59106K, committed 59136K, reserved 1099776K
  class space    used 7815K, capacity 8192K, committed 8192K, reserved 1048576K
}
Event: 14.394 GC heap before
{Heap before GC invocations=13 (full 3):
 PSYoungGen      total 111616K, used 94720K [0x00000000e0000000, 0x00000000e9000000, 0x0000000100000000)
  eden space 94720K, 100% used [0x00000000e0000000,0x00000000e5c80000,0x00000000e5c80000)
  from space 16896K, 0% used [0x00000000e5c80000,0x00000000e5c80000,0x00000000e6d00000)
  to   space 18432K, 0% used [0x00000000e7e00000,0x00000000e7e00000,0x00000000e9000000)
 ParOldGen       total 297472K, used 30657K [0x00000000a0000000, 0x00000000b2280000, 0x00000000e0000000)
  object space 297472K, 10% used [0x00000000a0000000,0x00000000a1df0660,0x00000000b2280000)
 Metaspace       used 61659K, capacity 63602K, committed 63744K, reserved 1103872K
  class space    used 8405K, capacity 8841K, committed 8960K, reserved 1048576K
Event: 14.402 GC heap after
Heap after GC invocations=13 (full 3):
 PSYoungGen      total 116736K, used 7470K [0x00000000e0000000, 0x00000000e8a00000, 0x0000000100000000)
  eden space 104448K, 0% used [0x00000000e0000000,0x00000000e0000000,0x00000000e6600000)
  from space 12288K, 60% used [0x00000000e7e00000,0x00000000e854b918,0x00000000e8a00000)
  to   space 18432K, 0% used [0x00000000e6600000,0x00000000e6600000,0x00000000e7800000)
 ParOldGen       total 297472K, used 30665K [0x00000000a0000000, 0x00000000b2280000, 0x00000000e0000000)
  object space 297472K, 10% used [0x00000000a0000000,0x00000000a1df2660,0x00000000b2280000)
 Metaspace       used 61659K, capacity 63602K, committed 63744K, reserved 1103872K
  class space    used 8405K, capacity 8841K, committed 8960K, reserved 1048576K
}

